<?xml version="1.0" encoding="UTF-8"?>
<testsuite name="org.incubyte.kata.PrimeFactorTest" tests="9" skipped="0" failures="0" errors="0" timestamp="2022-05-04T14:10:53" hostname="DESKTOP-LIECRM2" time="0.063">
  <properties/>
  <testcase name="test_for_prime_factors_of_cubes()" classname="org.incubyte.kata.PrimeFactorTest" time="0.055"/>
  <testcase name="that_function_returns_empty_list_when_value_given_is_1()" classname="org.incubyte.kata.PrimeFactorTest" time="0.001"/>
  <testcase name="that_function_generate_will_return_number_itself_if_given_prime_number()" classname="org.incubyte.kata.PrimeFactorTest" time="0.0"/>
  <testcase name="that_function_will_return_list_of_prime_factors_if_composite_1()" classname="org.incubyte.kata.PrimeFactorTest" time="0.0"/>
  <testcase name="that_function_will_return_list_of_prime_factors_if_composite_2()" classname="org.incubyte.kata.PrimeFactorTest" time="0.0"/>
  <testcase name="that_function_will_return_list_of_prime_factors_if_composite_3()" classname="org.incubyte.kata.PrimeFactorTest" time="0.0"/>
  <testcase name="that_function_will_return_list_of_prime_factors_if_composite_4()" classname="org.incubyte.kata.PrimeFactorTest" time="0.0"/>
  <testcase name="test_for_prime_factors_in_squares_1()" classname="org.incubyte.kata.PrimeFactorTest" time="0.001"/>
  <testcase name="test_for_prime_factors_in_squares_2()" classname="org.incubyte.kata.PrimeFactorTest" time="0.001"/>
  <system-out><![CDATA[]]></system-out>
  <system-err><![CDATA[]]></system-err>
</testsuite>
